==00:00:00:00.000 18357== Memcheck, a memory error detector
==00:00:00:00.000 18357== Copyright (C) 2002-2017, and GNU GPL'd, by Julian Seward et al.
==00:00:00:00.000 18357== Using Valgrind-3.13.0 and LibVEX; rerun with -h for copyright info
==00:00:00:00.000 18357== Command: ./server 8080 server.keys index.txt
==00:00:00:00.000 18357== Parent PID: 18353
==00:00:00:00.000 18357== 
==00:00:00:03.181 18357== Thread 2:
==00:00:00:03.181 18357== Invalid read of size 8
==00:00:00:03.181 18357==    at 0x4EF97C4: std::thread::join() (in /usr/lib/x86_64-linux-gnu/libstdc++.so.6.0.25)
==00:00:00:03.181 18357==    by 0x11192F: AcceptadorDeConexiones::run() (server_aceptador_de_conexiones.cpp:46)
==00:00:00:03.181 18357==    by 0x4EF957E: ??? (in /usr/lib/x86_64-linux-gnu/libstdc++.so.6.0.25)
==00:00:00:03.181 18357==    by 0x53E46DA: start_thread (pthread_create.c:463)
==00:00:00:03.181 18357==    by 0x571D88E: clone (clone.S:95)
==00:00:00:03.181 18357==  Address 0x5da2568 is 8 bytes inside a block of size 48 free'd
==00:00:00:03.181 18357==    at 0x4C3123B: operator delete(void*) (in /usr/lib/valgrind/vgpreload_memcheck-amd64-linux.so)
==00:00:00:03.181 18357==    by 0x1118A5: AcceptadorDeConexiones::run() (server_aceptador_de_conexiones.cpp:36)
==00:00:00:03.181 18357==    by 0x4EF957E: ??? (in /usr/lib/x86_64-linux-gnu/libstdc++.so.6.0.25)
==00:00:00:03.181 18357==    by 0x53E46DA: start_thread (pthread_create.c:463)
==00:00:00:03.181 18357==    by 0x571D88E: clone (clone.S:95)
==00:00:00:03.181 18357==  Block was alloc'd at
==00:00:00:03.181 18357==    at 0x4C3017F: operator new(unsigned long) (in /usr/lib/valgrind/vgpreload_memcheck-amd64-linux.so)
==00:00:00:03.181 18357==    by 0x11183E: AcceptadorDeConexiones::run() (server_aceptador_de_conexiones.cpp:29)
==00:00:00:03.181 18357==    by 0x4EF957E: ??? (in /usr/lib/x86_64-linux-gnu/libstdc++.so.6.0.25)
==00:00:00:03.181 18357==    by 0x53E46DA: start_thread (pthread_create.c:463)
==00:00:00:03.181 18357==    by 0x571D88E: clone (clone.S:95)
==00:00:00:03.181 18357== 
==00:00:00:03.247 18357== 
==00:00:00:03.247 18357== Process terminating with default action of signal 6 (SIGABRT)
==00:00:00:03.247 18357==    at 0x563AE97: raise (raise.c:51)
==00:00:00:03.247 18357==    by 0x563C800: abort (abort.c:79)
==00:00:00:03.247 18357==    by 0x4EC88B6: ??? (in /usr/lib/x86_64-linux-gnu/libstdc++.so.6.0.25)
==00:00:00:03.247 18357==    by 0x4ECEA05: ??? (in /usr/lib/x86_64-linux-gnu/libstdc++.so.6.0.25)
==00:00:00:03.247 18357==    by 0x4ECEA40: std::terminate() (in /usr/lib/x86_64-linux-gnu/libstdc++.so.6.0.25)
==00:00:00:03.247 18357==    by 0x4ECEC73: __cxa_throw (in /usr/lib/x86_64-linux-gnu/libstdc++.so.6.0.25)
==00:00:00:03.247 18357==    by 0x4ECA978: ??? (in /usr/lib/x86_64-linux-gnu/libstdc++.so.6.0.25)
==00:00:00:03.247 18357==    by 0x4EF97EB: std::thread::join() (in /usr/lib/x86_64-linux-gnu/libstdc++.so.6.0.25)
==00:00:00:03.247 18357==    by 0x11192F: AcceptadorDeConexiones::run() (server_aceptador_de_conexiones.cpp:46)
==00:00:00:03.247 18357==    by 0x4EF957E: ??? (in /usr/lib/x86_64-linux-gnu/libstdc++.so.6.0.25)
==00:00:00:03.247 18357==    by 0x53E46DA: start_thread (pthread_create.c:463)
==00:00:00:03.247 18357==    by 0x571D88E: clone (clone.S:95)
==00:00:00:03.263 18357== 
==00:00:00:03.263 18357== FILE DESCRIPTORS: 7 open at exit.
==00:00:00:03.263 18357== Open AF_INET socket 7: 127.0.0.1:8080 <-> unbound
==00:00:00:03.263 18357==    at 0x53EE6D7: accept (accept.c:26)
==00:00:00:03.263 18357==    by 0x112874: SocketAccept::acceptSocket() (server_socket_accept.cpp:80)
==00:00:00:03.263 18357==    by 0x111828: AcceptadorDeConexiones::run() (server_aceptador_de_conexiones.cpp:24)
==00:00:00:03.263 18357==    by 0x4EF957E: ??? (in /usr/lib/x86_64-linux-gnu/libstdc++.so.6.0.25)
==00:00:00:03.263 18357==    by 0x53E46DA: start_thread (pthread_create.c:463)
==00:00:00:03.263 18357==    by 0x571D88E: clone (clone.S:95)
==00:00:00:03.263 18357== 
==00:00:00:03.263 18357== Open file descriptor 5: index.txt
==00:00:00:03.263 18357==    at 0x570BC8E: open (open64.c:47)
==00:00:00:03.263 18357==    by 0x5688589: _IO_file_open (fileops.c:189)
==00:00:00:03.263 18357==    by 0x5688589: _IO_file_fopen@@GLIBC_2.2.5 (fileops.c:281)
==00:00:00:03.263 18357==    by 0x567AEA9: __fopen_internal (iofopen.c:78)
==00:00:00:03.263 18357==    by 0x567AEA9: fopen@@GLIBC_2.2.5 (iofopen.c:89)
==00:00:00:03.263 18357==    by 0x4EEFD2F: std::__basic_file<char>::open(char const*, std::_Ios_Openmode, int) (in /usr/lib/x86_64-linux-gnu/libstdc++.so.6.0.25)
==00:00:00:03.263 18357==    by 0x4F30259: std::basic_filebuf<char, std::char_traits<char> >::open(char const*, std::_Ios_Openmode) (in /usr/lib/x86_64-linux-gnu/libstdc++.so.6.0.25)
==00:00:00:03.263 18357==    by 0x4F308E4: std::basic_fstream<char, std::char_traits<char> >::basic_fstream(std::__cxx11::basic_string<char, std::char_traits<char>, std::allocator<char> > const&, std::_Ios_Openmode) (in /usr/lib/x86_64-linux-gnu/libstdc++.so.6.0.25)
==00:00:00:03.263 18357==    by 0x113F88: Indice::Indice(std::__cxx11::basic_string<char, std::char_traits<char>, std::allocator<char> >&) (server_indice.cpp:7)
==00:00:00:03.263 18357==    by 0x10BC5F: main (server.cpp:26)
==00:00:00:03.263 18357== 
==00:00:00:03.263 18357== Open file descriptor 4: server.keys
==00:00:00:03.263 18357==    at 0x570BC8E: open (open64.c:47)
==00:00:00:03.263 18357==    by 0x5688589: _IO_file_open (fileops.c:189)
==00:00:00:03.263 18357==    by 0x5688589: _IO_file_fopen@@GLIBC_2.2.5 (fileops.c:281)
==00:00:00:03.263 18357==    by 0x567AEA9: __fopen_internal (iofopen.c:78)
==00:00:00:03.263 18357==    by 0x567AEA9: fopen@@GLIBC_2.2.5 (iofopen.c:89)
==00:00:00:03.263 18357==    by 0x4EEFD2F: std::__basic_file<char>::open(char const*, std::_Ios_Openmode, int) (in /usr/lib/x86_64-linux-gnu/libstdc++.so.6.0.25)
==00:00:00:03.263 18357==    by 0x4F30259: std::basic_filebuf<char, std::char_traits<char> >::open(char const*, std::_Ios_Openmode) (in /usr/lib/x86_64-linux-gnu/libstdc++.so.6.0.25)
==00:00:00:03.263 18357==    by 0x4F308E4: std::basic_fstream<char, std::char_traits<char> >::basic_fstream(std::__cxx11::basic_string<char, std::char_traits<char>, std::allocator<char> > const&, std::_Ios_Openmode) (in /usr/lib/x86_64-linux-gnu/libstdc++.so.6.0.25)
==00:00:00:03.263 18357==    by 0x110788: Claves::Archivo(std::__cxx11::basic_string<char, std::char_traits<char>, std::allocator<char> >&) (server_claves.h:15)
==00:00:00:03.263 18357==    by 0x10BC30: main (server.cpp:22)
==00:00:00:03.263 18357== 
==00:00:00:03.263 18357== Open file descriptor 3: /home/jowi/Desktop/tp3-taller/modelo_con_theards/pruebas/pruebas_sercom/create-certificate/archivos_entrada_597/valgrind_server.out
==00:00:00:03.263 18357==    <inherited from parent>
==00:00:00:03.263 18357== 
==00:00:00:03.263 18357== Open file descriptor 2: /home/jowi/Desktop/tp3-taller/modelo_con_theards/pruebas/pruebas_sercom/create-certificate/archivos_entrada_597/__server_stderr__
==00:00:00:03.263 18357==    <inherited from parent>
==00:00:00:03.263 18357== 
==00:00:00:03.263 18357== Open file descriptor 1: /home/jowi/Desktop/tp3-taller/modelo_con_theards/pruebas/pruebas_sercom/create-certificate/archivos_entrada_597/__server_stdout__
==00:00:00:03.263 18357==    <inherited from parent>
==00:00:00:03.263 18357== 
==00:00:00:03.263 18357== Open file descriptor 0: /home/jowi/Desktop/tp3-taller/modelo_con_theards/pruebas/pruebas_sercom/create-certificate/archivos_entrada_597/server-stdin
==00:00:00:03.263 18357==    <inherited from parent>
==00:00:00:03.263 18357== 
==00:00:00:03.263 18357== 
==00:00:00:03.263 18357== HEAP SUMMARY:
==00:00:00:03.263 18357==     in use at exit: 18,652 bytes in 17 blocks
==00:00:00:03.263 18357==   total heap usage: 55 allocs, 38 frees, 101,758 bytes allocated
==00:00:00:03.263 18357== 
==00:00:00:03.309 18357== Thread 1:
==00:00:00:03.309 18357== 160 bytes in 1 blocks are possibly lost in loss record 11 of 14
==00:00:00:03.309 18357==    at 0x4C2FB0F: malloc (in /usr/lib/valgrind/vgpreload_memcheck-amd64-linux.so)
==00:00:00:03.309 18357==    by 0x4ECD83F: __cxa_allocate_exception (in /usr/lib/x86_64-linux-gnu/libstdc++.so.6.0.25)
==00:00:00:03.309 18357==    by 0x4EF94E9: std::__throw_system_error(int) (in /usr/lib/x86_64-linux-gnu/libstdc++.so.6.0.25)
==00:00:00:03.309 18357==    by 0x4EF97EB: std::thread::join() (in /usr/lib/x86_64-linux-gnu/libstdc++.so.6.0.25)
==00:00:00:03.309 18357==    by 0x11192F: AcceptadorDeConexiones::run() (server_aceptador_de_conexiones.cpp:46)
==00:00:00:03.309 18357==    by 0x4EF957E: ??? (in /usr/lib/x86_64-linux-gnu/libstdc++.so.6.0.25)
==00:00:00:03.309 18357==    by 0x53E46DA: start_thread (pthread_create.c:463)
==00:00:00:03.309 18357==    by 0x571D88E: clone (clone.S:95)
==00:00:00:03.309 18357== 
==00:00:00:03.309 18357== 576 bytes in 2 blocks are possibly lost in loss record 12 of 14
==00:00:00:03.309 18357==    at 0x4C31B25: calloc (in /usr/lib/valgrind/vgpreload_memcheck-amd64-linux.so)
==00:00:00:03.309 18357==    by 0x40134A6: allocate_dtv (dl-tls.c:286)
==00:00:00:03.309 18357==    by 0x40134A6: _dl_allocate_tls (dl-tls.c:530)
==00:00:00:03.309 18357==    by 0x53E5227: allocate_stack (allocatestack.c:627)
==00:00:00:03.309 18357==    by 0x53E5227: pthread_create@@GLIBC_2.2.5 (pthread_create.c:644)
==00:00:00:03.309 18357==    by 0x4EF9834: std::thread::_M_start_thread(std::unique_ptr<std::thread::_State, std::default_delete<std::thread::_State> >, void (*)()) (in /usr/lib/x86_64-linux-gnu/libstdc++.so.6.0.25)
==00:00:00:03.309 18357==    by 0x11121D: std::thread::thread<void (Thread::*)(), Thread*>(void (Thread::*&&)(), Thread*&&) (thread:126)
==00:00:00:03.309 18357==    by 0x110C43: Thread::start() (server_thread.cpp:7)
==00:00:00:03.309 18357==    by 0x10BD0A: main (server.cpp:49)
==00:00:00:03.309 18357== 
==00:00:00:03.309 18357== LEAK SUMMARY:
==00:00:00:03.309 18357==    definitely lost: 0 bytes in 0 blocks
==00:00:00:03.309 18357==    indirectly lost: 0 bytes in 0 blocks
==00:00:00:03.309 18357==      possibly lost: 736 bytes in 3 blocks
==00:00:00:03.309 18357==    still reachable: 17,916 bytes in 14 blocks
==00:00:00:03.309 18357==                       of which reachable via heuristic:
==00:00:00:03.309 18357==                         stdstring          : 41 bytes in 1 blocks
==00:00:00:03.309 18357==         suppressed: 0 bytes in 0 blocks
==00:00:00:03.309 18357== Reachable blocks (those to which a pointer was found) are not shown.
==00:00:00:03.309 18357== To see them, rerun with: --leak-check=full --show-leak-kinds=all
==00:00:00:03.309 18357== 
==00:00:00:03.309 18357== For counts of detected and suppressed errors, rerun with: -v
==00:00:00:03.309 18357== ERROR SUMMARY: 3 errors from 3 contexts (suppressed: 0 from 0)
