==00:00:00:00.000 4449== Memcheck, a memory error detector
==00:00:00:00.000 4449== Copyright (C) 2002-2017, and GNU GPL'd, by Julian Seward et al.
==00:00:00:00.000 4449== Using Valgrind-3.13.0 and LibVEX; rerun with -h for copyright info
==00:00:00:00.000 4449== Command: ./server 8082 server.keys index.txt
==00:00:00:00.000 4449== Parent PID: 4446
==00:00:00:00.000 4449== 
==00:00:00:03.049 4449== 
==00:00:00:03.049 4449== FILE DESCRIPTORS: 5 open at exit.
==00:00:00:03.049 4449== Open AF_INET socket 7: 127.0.0.1:8082 <-> unbound
==00:00:00:03.049 4449==    at 0x53EE6A1: accept (accept.c:26)
==00:00:00:03.049 4449==    by 0x110724: SocketAccept::acceptSocket() (server_socket_accept.cpp:79)
==00:00:00:03.049 4449==    by 0x10B707: main (server.cpp:47)
==00:00:00:03.049 4449== 
==00:00:00:03.049 4449== Open file descriptor 3: /home/jowi/Desktop/tp3-taller/modelo_nuevo_entregado/pruebas/pruebas_sercom/revoke-certificate/archivos_entrada_598/valgrind_server.out
==00:00:00:03.049 4449==    <inherited from parent>
==00:00:00:03.049 4449== 
==00:00:00:03.049 4449== Open file descriptor 2: /home/jowi/Desktop/tp3-taller/modelo_nuevo_entregado/pruebas/pruebas_sercom/revoke-certificate/archivos_entrada_598/__server_stderr__
==00:00:00:03.049 4449==    <inherited from parent>
==00:00:00:03.049 4449== 
==00:00:00:03.049 4449== Open file descriptor 1: /home/jowi/Desktop/tp3-taller/modelo_nuevo_entregado/pruebas/pruebas_sercom/revoke-certificate/archivos_entrada_598/__server_stdout__
==00:00:00:03.049 4449==    <inherited from parent>
==00:00:00:03.049 4449== 
==00:00:00:03.049 4449== Open file descriptor 0: /home/jowi/Desktop/tp3-taller/modelo_nuevo_entregado/pruebas/pruebas_sercom/revoke-certificate/archivos_entrada_598/server-stdin
==00:00:00:03.049 4449==    <inherited from parent>
==00:00:00:03.049 4449== 
==00:00:00:03.049 4449== 
==00:00:00:03.049 4449== HEAP SUMMARY:
==00:00:00:03.049 4449==     in use at exit: 0 bytes in 0 blocks
==00:00:00:03.049 4449==   total heap usage: 41 allocs, 41 frees, 105,048 bytes allocated
==00:00:00:03.049 4449== 
==00:00:00:03.049 4449== All heap blocks were freed -- no leaks are possible
==00:00:00:03.049 4449== 
==00:00:00:03.049 4449== For counts of detected and suppressed errors, rerun with: -v
==00:00:00:03.049 4449== ERROR SUMMARY: 0 errors from 0 contexts (suppressed: 0 from 0)
