==00:00:00:00.000 19007== Memcheck, a memory error detector
==00:00:00:00.000 19007== Copyright (C) 2002-2017, and GNU GPL'd, by Julian Seward et al.
==00:00:00:00.000 19007== Using Valgrind-3.13.0 and LibVEX; rerun with -h for copyright info
==00:00:00:00.000 19007== Command: ./client 127.0.0.1 8082 revoke Federico\ Manuel\ Gomez\ Peter.cert client0.keys server.pubkeys
==00:00:00:00.000 19007== Parent PID: 18999
==00:00:00:00.000 19007== 
==00:00:00:00.968 19007== 
==00:00:00:00.968 19007== FILE DESCRIPTORS: 5 open at exit.
==00:00:00:00.968 19007== Open AF_INET socket 6: 127.0.0.1:35568 <-> 127.0.0.1:8082
==00:00:00:00.968 19007==    at 0x571EEC7: socket (syscall-template.S:78)
==00:00:00:00.968 19007==    by 0x10B945: SocketConnect::conectar() (common_socket_connect.cpp:37)
==00:00:00:00.968 19007==    by 0x10B4B7: main (client.cpp:39)
==00:00:00:00.968 19007== 
==00:00:00:00.968 19007== Open file descriptor 3: /home/jowi/Desktop/tp3-taller/modelo_nuevo/pruebas/pruebas_sercom/revoke-certificate/archivos_entrada_598/valgrind_client0.out
==00:00:00:00.968 19007==    <inherited from parent>
==00:00:00:00.968 19007== 
==00:00:00:00.968 19007== Open file descriptor 2: /dev/pts/3
==00:00:00:00.968 19007==    <inherited from parent>
==00:00:00:00.968 19007== 
==00:00:00:00.968 19007== Open file descriptor 1: /home/jowi/Desktop/tp3-taller/modelo_nuevo/pruebas/pruebas_sercom/revoke-certificate/archivos_entrada_598/client0.out
==00:00:00:00.968 19007==    <inherited from parent>
==00:00:00:00.968 19007== 
==00:00:00:00.968 19007== Open file descriptor 0: /home/jowi/Desktop/tp3-taller/modelo_nuevo/pruebas/pruebas_sercom/revoke-certificate/archivos_entrada_598/client0.in
==00:00:00:00.968 19007==    <inherited from parent>
==00:00:00:00.968 19007== 
==00:00:00:00.968 19007== 
==00:00:00:00.968 19007== HEAP SUMMARY:
==00:00:00:00.968 19007==     in use at exit: 0 bytes in 0 blocks
==00:00:00:00.968 19007==   total heap usage: 43 allocs, 43 frees, 105,634 bytes allocated
==00:00:00:00.968 19007== 
==00:00:00:00.968 19007== All heap blocks were freed -- no leaks are possible
==00:00:00:00.968 19007== 
==00:00:00:00.968 19007== For counts of detected and suppressed errors, rerun with: -v
==00:00:00:00.968 19007== ERROR SUMMARY: 0 errors from 0 contexts (suppressed: 0 from 0)
