==00:00:00:00.000 18645== Memcheck, a memory error detector
==00:00:00:00.000 18645== Copyright (C) 2002-2017, and GNU GPL'd, by Julian Seward et al.
==00:00:00:00.000 18645== Using Valgrind-3.13.0 and LibVEX; rerun with -h for copyright info
==00:00:00:00.000 18645== Command: ./server 8080 server.keys index.txt
==00:00:00:00.000 18645== Parent PID: 18642
==00:00:00:00.000 18645== 
==00:00:00:03.067 18645== 
==00:00:00:03.067 18645== FILE DESCRIPTORS: 5 open at exit.
==00:00:00:03.067 18645== Open AF_INET socket 7: 127.0.0.1:8080 <-> unbound
==00:00:00:03.067 18645==    at 0x53EE6A1: accept (accept.c:26)
==00:00:00:03.067 18645==    by 0x110724: SocketAccept::acceptSocket() (server_socket_accept.cpp:79)
==00:00:00:03.067 18645==    by 0x10B707: main (server.cpp:46)
==00:00:00:03.067 18645== 
==00:00:00:03.067 18645== Open file descriptor 3: /home/jowi/Desktop/tp3-taller/modelo_nuevo/pruebas/pruebas_sercom/create-invalid-hash/archivos_entrada_600/valgrind_server.out
==00:00:00:03.067 18645==    <inherited from parent>
==00:00:00:03.067 18645== 
==00:00:00:03.067 18645== Open file descriptor 2: /home/jowi/Desktop/tp3-taller/modelo_nuevo/pruebas/pruebas_sercom/create-invalid-hash/archivos_entrada_600/__server_stderr__
==00:00:00:03.067 18645==    <inherited from parent>
==00:00:00:03.067 18645== 
==00:00:00:03.067 18645== Open file descriptor 1: /home/jowi/Desktop/tp3-taller/modelo_nuevo/pruebas/pruebas_sercom/create-invalid-hash/archivos_entrada_600/__server_stdout__
==00:00:00:03.067 18645==    <inherited from parent>
==00:00:00:03.067 18645== 
==00:00:00:03.067 18645== Open file descriptor 0: /home/jowi/Desktop/tp3-taller/modelo_nuevo/pruebas/pruebas_sercom/create-invalid-hash/archivos_entrada_600/server-stdin
==00:00:00:03.067 18645==    <inherited from parent>
==00:00:00:03.067 18645== 
==00:00:00:03.067 18645== 
==00:00:00:03.067 18645== HEAP SUMMARY:
==00:00:00:03.067 18645==     in use at exit: 0 bytes in 0 blocks
==00:00:00:03.067 18645==   total heap usage: 32 allocs, 32 frees, 104,649 bytes allocated
==00:00:00:03.067 18645== 
==00:00:00:03.067 18645== All heap blocks were freed -- no leaks are possible
==00:00:00:03.068 18645== 
==00:00:00:03.068 18645== For counts of detected and suppressed errors, rerun with: -v
==00:00:00:03.068 18645== ERROR SUMMARY: 0 errors from 0 contexts (suppressed: 0 from 0)
