==00:00:00:00.000 18650== Memcheck, a memory error detector
==00:00:00:00.000 18650== Copyright (C) 2002-2017, and GNU GPL'd, by Julian Seward et al.
==00:00:00:00.000 18650== Using Valgrind-3.13.0 and LibVEX; rerun with -h for copyright info
==00:00:00:00.000 18650== Command: ./client 127.0.0.1 8080 new client0.req client0.keys server.pubkeys
==00:00:00:00.000 18650== Parent PID: 18642
==00:00:00:00.000 18650== 
==00:00:00:00.997 18650== 
==00:00:00:00.997 18650== FILE DESCRIPTORS: 5 open at exit.
==00:00:00:00.997 18650== Open AF_INET socket 6: 127.0.0.1:42218 <-> 127.0.0.1:8080
==00:00:00:00.997 18650==    at 0x571EEC7: socket (syscall-template.S:78)
==00:00:00:00.997 18650==    by 0x10B945: SocketConnect::conectar() (common_socket_connect.cpp:37)
==00:00:00:00.997 18650==    by 0x10B4B7: main (client.cpp:39)
==00:00:00:00.997 18650== 
==00:00:00:00.997 18650== Open file descriptor 3: /home/jowi/Desktop/tp3-taller/modelo_nuevo/pruebas/pruebas_sercom/create-invalid-hash/archivos_entrada_600/valgrind_client0.out
==00:00:00:00.997 18650==    <inherited from parent>
==00:00:00:00.997 18650== 
==00:00:00:00.997 18650== Open file descriptor 2: /dev/pts/1
==00:00:00:00.997 18650==    <inherited from parent>
==00:00:00:00.997 18650== 
==00:00:00:00.997 18650== Open file descriptor 1: /home/jowi/Desktop/tp3-taller/modelo_nuevo/pruebas/pruebas_sercom/create-invalid-hash/archivos_entrada_600/client0.out
==00:00:00:00.997 18650==    <inherited from parent>
==00:00:00:00.997 18650== 
==00:00:00:00.997 18650== Open file descriptor 0: /home/jowi/Desktop/tp3-taller/modelo_nuevo/pruebas/pruebas_sercom/create-invalid-hash/archivos_entrada_600/client0.in
==00:00:00:00.997 18650==    <inherited from parent>
==00:00:00:00.997 18650== 
==00:00:00:00.997 18650== 
==00:00:00:00.997 18650== HEAP SUMMARY:
==00:00:00:00.997 18650==     in use at exit: 0 bytes in 0 blocks
==00:00:00:00.997 18650==   total heap usage: 44 allocs, 44 frees, 105,104 bytes allocated
==00:00:00:00.997 18650== 
==00:00:00:00.997 18650== All heap blocks were freed -- no leaks are possible
==00:00:00:00.997 18650== 
==00:00:00:00.997 18650== For counts of detected and suppressed errors, rerun with: -v
==00:00:00:00.997 18650== ERROR SUMMARY: 0 errors from 0 contexts (suppressed: 0 from 0)
