==00:00:00:00.000 19486== Memcheck, a memory error detector
==00:00:00:00.000 19486== Copyright (C) 2002-2017, and GNU GPL'd, by Julian Seward et al.
==00:00:00:00.000 19486== Using Valgrind-3.13.0 and LibVEX; rerun with -h for copyright info
==00:00:00:00.000 19486== Command: ./server 8082 server.keys index.txt
==00:00:00:00.000 19486== Parent PID: 19483
==00:00:00:00.000 19486== 
==00:00:00:03.069 19486== 
==00:00:00:03.069 19486== FILE DESCRIPTORS: 5 open at exit.
==00:00:00:03.069 19486== Open AF_INET socket 7: 127.0.0.1:8082 <-> unbound
==00:00:00:03.069 19486==    at 0x53EE6A1: accept (accept.c:26)
==00:00:00:03.069 19486==    by 0x110724: SocketAccept::acceptSocket() (server_socket_accept.cpp:79)
==00:00:00:03.069 19486==    by 0x10B707: main (server.cpp:46)
==00:00:00:03.069 19486== 
==00:00:00:03.069 19486== Open file descriptor 3: /home/jowi/Desktop/tp3-taller/modelo_nuevo/pruebas/pruebas_sercom/revoke-invalid-hash/archivos_entrada_601/valgrind_server.out
==00:00:00:03.069 19486==    <inherited from parent>
==00:00:00:03.069 19486== 
==00:00:00:03.069 19486== Open file descriptor 2: /home/jowi/Desktop/tp3-taller/modelo_nuevo/pruebas/pruebas_sercom/revoke-invalid-hash/archivos_entrada_601/__server_stderr__
==00:00:00:03.069 19486==    <inherited from parent>
==00:00:00:03.069 19486== 
==00:00:00:03.069 19486== Open file descriptor 1: /home/jowi/Desktop/tp3-taller/modelo_nuevo/pruebas/pruebas_sercom/revoke-invalid-hash/archivos_entrada_601/__server_stdout__
==00:00:00:03.069 19486==    <inherited from parent>
==00:00:00:03.069 19486== 
==00:00:00:03.069 19486== Open file descriptor 0: /home/jowi/Desktop/tp3-taller/modelo_nuevo/pruebas/pruebas_sercom/revoke-invalid-hash/archivos_entrada_601/server-stdin
==00:00:00:03.069 19486==    <inherited from parent>
==00:00:00:03.069 19486== 
==00:00:00:03.069 19486== 
==00:00:00:03.069 19486== HEAP SUMMARY:
==00:00:00:03.069 19486==     in use at exit: 0 bytes in 0 blocks
==00:00:00:03.069 19486==   total heap usage: 41 allocs, 41 frees, 105,048 bytes allocated
==00:00:00:03.069 19486== 
==00:00:00:03.069 19486== All heap blocks were freed -- no leaks are possible
==00:00:00:03.069 19486== 
==00:00:00:03.069 19486== For counts of detected and suppressed errors, rerun with: -v
==00:00:00:03.069 19486== ERROR SUMMARY: 0 errors from 0 contexts (suppressed: 0 from 0)
