==00:00:00:00.000 18272== Memcheck, a memory error detector
==00:00:00:00.000 18272== Copyright (C) 2002-2017, and GNU GPL'd, by Julian Seward et al.
==00:00:00:00.000 18272== Using Valgrind-3.13.0 and LibVEX; rerun with -h for copyright info
==00:00:00:00.000 18272== Command: ./server 10001 server.keys index.txt
==00:00:00:00.000 18272== Parent PID: 18269
==00:00:00:00.000 18272== 
==00:00:00:03.035 18272== 
==00:00:00:03.035 18272== FILE DESCRIPTORS: 5 open at exit.
==00:00:00:03.035 18272== Open AF_INET socket 7: 127.0.0.1:10001 <-> unbound
==00:00:00:03.035 18272==    at 0x53EE6A1: accept (accept.c:26)
==00:00:00:03.035 18272==    by 0x110724: SocketAccept::acceptSocket() (server_socket_accept.cpp:79)
==00:00:00:03.035 18272==    by 0x10B707: main (server.cpp:46)
==00:00:00:03.035 18272== 
==00:00:00:03.035 18272== Open file descriptor 3: /home/jowi/Desktop/tp3-taller/modelo_nuevo/pruebas/pruebas_sercom/create-certificate/archivos_entrada_597/valgrind_server.out
==00:00:00:03.035 18272==    <inherited from parent>
==00:00:00:03.035 18272== 
==00:00:00:03.035 18272== Open file descriptor 2: /home/jowi/Desktop/tp3-taller/modelo_nuevo/pruebas/pruebas_sercom/create-certificate/archivos_entrada_597/__server_stderr__
==00:00:00:03.035 18272==    <inherited from parent>
==00:00:00:03.035 18272== 
==00:00:00:03.035 18272== Open file descriptor 1: /home/jowi/Desktop/tp3-taller/modelo_nuevo/pruebas/pruebas_sercom/create-certificate/archivos_entrada_597/__server_stdout__
==00:00:00:03.035 18272==    <inherited from parent>
==00:00:00:03.035 18272== 
==00:00:00:03.035 18272== Open file descriptor 0: /home/jowi/Desktop/tp3-taller/modelo_nuevo/pruebas/pruebas_sercom/create-certificate/archivos_entrada_597/server-stdin
==00:00:00:03.035 18272==    <inherited from parent>
==00:00:00:03.035 18272== 
==00:00:00:03.035 18272== 
==00:00:00:03.035 18272== HEAP SUMMARY:
==00:00:00:03.035 18272==     in use at exit: 0 bytes in 0 blocks
==00:00:00:03.035 18272==   total heap usage: 39 allocs, 39 frees, 104,960 bytes allocated
==00:00:00:03.035 18272== 
==00:00:00:03.035 18272== All heap blocks were freed -- no leaks are possible
==00:00:00:03.035 18272== 
==00:00:00:03.035 18272== For counts of detected and suppressed errors, rerun with: -v
==00:00:00:03.035 18272== ERROR SUMMARY: 0 errors from 0 contexts (suppressed: 0 from 0)
