==00:00:00:00.000 20222== Memcheck, a memory error detector
==00:00:00:00.000 20222== Copyright (C) 2002-2017, and GNU GPL'd, by Julian Seward et al.
==00:00:00:00.000 20222== Using Valgrind-3.13.0 and LibVEX; rerun with -h for copyright info
==00:00:00:00.000 20222== Command: ./server 8082 server.keys index.txt
==00:00:00:00.000 20222== Parent PID: 20219
==00:00:00:00.000 20222== 
==00:00:00:04.051 20222== 
==00:00:00:04.051 20222== FILE DESCRIPTORS: 6 open at exit.
==00:00:00:04.051 20222== Open AF_INET socket 8: 127.0.0.1:8082 <-> unbound
==00:00:00:04.051 20222==    at 0x53EE6D7: accept (accept.c:26)
==00:00:00:04.051 20222==    by 0x1120B4: SocketAccept::acceptSocket() (server_socket_accept.cpp:80)
==00:00:00:04.051 20222==    by 0x1116F1: AcceptadorDeConexiones::run() (server_aceptador_de_conexiones.cpp:24)
==00:00:00:04.051 20222==    by 0x4EF957E: ??? (in /usr/lib/x86_64-linux-gnu/libstdc++.so.6.0.25)
==00:00:00:04.051 20222==    by 0x53E46DA: start_thread (pthread_create.c:463)
==00:00:00:04.051 20222==    by 0x571D88E: clone (clone.S:95)
==00:00:00:04.051 20222== 
==00:00:00:04.051 20222== Open AF_INET socket 7: 127.0.0.1:8082 <-> unbound
==00:00:00:04.051 20222==    at 0x53EE6D7: accept (accept.c:26)
==00:00:00:04.051 20222==    by 0x1120B4: SocketAccept::acceptSocket() (server_socket_accept.cpp:80)
==00:00:00:04.051 20222==    by 0x1116F1: AcceptadorDeConexiones::run() (server_aceptador_de_conexiones.cpp:24)
==00:00:00:04.051 20222==    by 0x4EF957E: ??? (in /usr/lib/x86_64-linux-gnu/libstdc++.so.6.0.25)
==00:00:00:04.051 20222==    by 0x53E46DA: start_thread (pthread_create.c:463)
==00:00:00:04.051 20222==    by 0x571D88E: clone (clone.S:95)
==00:00:00:04.051 20222== 
==00:00:00:04.051 20222== Open file descriptor 3: /home/jowi/Desktop/tp3-taller/modelo_con_theards/pruebas/pruebas_sercom/existing-certificate-necesito-hilos/archivos_entrada_599/valgrind_server.out
==00:00:00:04.051 20222==    <inherited from parent>
==00:00:00:04.051 20222== 
==00:00:00:04.051 20222== Open file descriptor 2: /home/jowi/Desktop/tp3-taller/modelo_con_theards/pruebas/pruebas_sercom/existing-certificate-necesito-hilos/archivos_entrada_599/__server_stderr__
==00:00:00:04.051 20222==    <inherited from parent>
==00:00:00:04.051 20222== 
==00:00:00:04.051 20222== Open file descriptor 1: /home/jowi/Desktop/tp3-taller/modelo_con_theards/pruebas/pruebas_sercom/existing-certificate-necesito-hilos/archivos_entrada_599/__server_stdout__
==00:00:00:04.051 20222==    <inherited from parent>
==00:00:00:04.051 20222== 
==00:00:00:04.051 20222== Open file descriptor 0: /home/jowi/Desktop/tp3-taller/modelo_con_theards/pruebas/pruebas_sercom/existing-certificate-necesito-hilos/archivos_entrada_599/server-stdin
==00:00:00:04.051 20222==    <inherited from parent>
==00:00:00:04.051 20222== 
==00:00:00:04.051 20222== 
==00:00:00:04.051 20222== HEAP SUMMARY:
==00:00:00:04.051 20222==     in use at exit: 0 bytes in 0 blocks
==00:00:00:04.051 20222==   total heap usage: 60 allocs, 60 frees, 106,753 bytes allocated
==00:00:00:04.051 20222== 
==00:00:00:04.051 20222== All heap blocks were freed -- no leaks are possible
==00:00:00:04.051 20222== 
==00:00:00:04.051 20222== For counts of detected and suppressed errors, rerun with: -v
==00:00:00:04.051 20222== ERROR SUMMARY: 0 errors from 0 contexts (suppressed: 0 from 0)
