==00:00:00:00.000 20230== Memcheck, a memory error detector
==00:00:00:00.000 20230== Copyright (C) 2002-2017, and GNU GPL'd, by Julian Seward et al.
==00:00:00:00.000 20230== Using Valgrind-3.13.0 and LibVEX; rerun with -h for copyright info
==00:00:00:00.000 20230== Command: ./client 127.0.0.1 8082 new client0.req client0.keys server.pubkeys
==00:00:00:00.000 20230== Parent PID: 20219
==00:00:00:00.000 20230== 
==00:00:00:01.001 20230== 
==00:00:00:01.001 20230== FILE DESCRIPTORS: 5 open at exit.
==00:00:00:01.001 20230== Open AF_INET socket 6: 127.0.0.1:47238 <-> unbound
==00:00:00:01.001 20230==    at 0x571EEC7: socket (syscall-template.S:78)
==00:00:00:01.001 20230==    by 0x10B945: SocketConnect::conectar() (common_socket_connect.cpp:37)
==00:00:00:01.001 20230==    by 0x10B477: main (client.cpp:39)
==00:00:00:01.001 20230== 
==00:00:00:01.001 20230== Open file descriptor 3: /home/jowi/Desktop/tp3-taller/modelo_con_theards/pruebas/pruebas_sercom/existing-certificate-necesito-hilos/archivos_entrada_599/valgrind_client0.out
==00:00:00:01.001 20230==    <inherited from parent>
==00:00:00:01.001 20230== 
==00:00:00:01.001 20230== Open file descriptor 2: /dev/pts/5
==00:00:00:01.001 20230==    <inherited from parent>
==00:00:00:01.001 20230== 
==00:00:00:01.001 20230== Open file descriptor 1: /home/jowi/Desktop/tp3-taller/modelo_con_theards/pruebas/pruebas_sercom/existing-certificate-necesito-hilos/archivos_entrada_599/client0.out
==00:00:00:01.001 20230==    <inherited from parent>
==00:00:00:01.001 20230== 
==00:00:00:01.001 20230== Open file descriptor 0: /home/jowi/Desktop/tp3-taller/modelo_con_theards/pruebas/pruebas_sercom/existing-certificate-necesito-hilos/archivos_entrada_599/client0.in
==00:00:00:01.001 20230==    <inherited from parent>
==00:00:00:01.001 20230== 
==00:00:00:01.001 20230== 
==00:00:00:01.001 20230== HEAP SUMMARY:
==00:00:00:01.001 20230==     in use at exit: 0 bytes in 0 blocks
==00:00:00:01.001 20230==   total heap usage: 49 allocs, 49 frees, 114,199 bytes allocated
==00:00:00:01.001 20230== 
==00:00:00:01.001 20230== All heap blocks were freed -- no leaks are possible
==00:00:00:01.001 20230== 
==00:00:00:01.001 20230== For counts of detected and suppressed errors, rerun with: -v
==00:00:00:01.001 20230== ERROR SUMMARY: 0 errors from 0 contexts (suppressed: 0 from 0)
