==00:00:00:00.000 19572== Memcheck, a memory error detector
==00:00:00:00.000 19572== Copyright (C) 2002-2017, and GNU GPL'd, by Julian Seward et al.
==00:00:00:00.000 19572== Using Valgrind-3.13.0 and LibVEX; rerun with -h for copyright info
==00:00:00:00.000 19572== Command: ./client 127.0.0.1 8082 revoke Federico\ Manuel\ Gomez\ Peter.cert client0.keys server.pubkeys
==00:00:00:00.000 19572== Parent PID: 19564
==00:00:00:00.000 19572== 
==00:00:00:00.917 19572== 
==00:00:00:00.917 19572== FILE DESCRIPTORS: 5 open at exit.
==00:00:00:00.917 19572== Open AF_INET socket 6: 127.0.0.1:35600 <-> 127.0.0.1:8082
==00:00:00:00.917 19572==    at 0x571EEC7: socket (syscall-template.S:78)
==00:00:00:00.917 19572==    by 0x10B945: SocketConnect::conectar() (common_socket_connect.cpp:37)
==00:00:00:00.917 19572==    by 0x10B4B7: main (client.cpp:39)
==00:00:00:00.917 19572== 
==00:00:00:00.917 19572== Open file descriptor 3: /home/jowi/Desktop/tp3-taller/modelo_nuevo/pruebas/pruebas_sercom/revoke-invalid-subject/archivos_entrada_602/valgrind_client0.out
==00:00:00:00.917 19572==    <inherited from parent>
==00:00:00:00.917 19572== 
==00:00:00:00.917 19572== Open file descriptor 2: /dev/pts/1
==00:00:00:00.917 19572==    <inherited from parent>
==00:00:00:00.917 19572== 
==00:00:00:00.917 19572== Open file descriptor 1: /home/jowi/Desktop/tp3-taller/modelo_nuevo/pruebas/pruebas_sercom/revoke-invalid-subject/archivos_entrada_602/client0.out
==00:00:00:00.917 19572==    <inherited from parent>
==00:00:00:00.917 19572== 
==00:00:00:00.917 19572== Open file descriptor 0: /home/jowi/Desktop/tp3-taller/modelo_nuevo/pruebas/pruebas_sercom/revoke-invalid-subject/archivos_entrada_602/client0.in
==00:00:00:00.917 19572==    <inherited from parent>
==00:00:00:00.917 19572== 
==00:00:00:00.917 19572== 
==00:00:00:00.917 19572== HEAP SUMMARY:
==00:00:00:00.917 19572==     in use at exit: 0 bytes in 0 blocks
==00:00:00:00.917 19572==   total heap usage: 40 allocs, 40 frees, 105,567 bytes allocated
==00:00:00:00.917 19572== 
==00:00:00:00.917 19572== All heap blocks were freed -- no leaks are possible
==00:00:00:00.917 19572== 
==00:00:00:00.917 19572== For counts of detected and suppressed errors, rerun with: -v
==00:00:00:00.917 19572== ERROR SUMMARY: 0 errors from 0 contexts (suppressed: 0 from 0)
